/home/jiaxihu/bowenzhang/HPG/tPatchGNN/run_baselines.py
2024-07-19 09:31:23
./tPatchGNN/run_baselines.py
Namespace(state='def', n=100000000, epoch=100, patience=10, history=3000, logmode='a', lr=0.001, w_decay=0.0, batch_size=32, viz=False, save='experiments/', load=None, seed=1, dataset='activity', quantization=0.0, model='MSGNet', outlayer='Linear', patch_ts=False, hop=1, nhead=1, tf_layer=1, nlayer=1, patch_size=24, stride=24, hid_dim=64, te_dim=10, node_dim=10, alpha=0.9, res=1, gpu='0', seq_len=96, top_k=5, num_kernels=64, npatch=125, device=device(type='cuda', index=0), PID=1735604, pred_window=1000, ndim=12, patch_layer=8, task_name='long_term_forecast', freq='h', seasonal_patterns='Monthly', label_len=48, pred_len=96, e_layers=2, enc_in=7, c_out=7, d_model=512, d_ff=64, n_heads=8, dropout=0.1, nums_kernels=6, conv_channel=32, skip_channel=32, gcn_depth=2, propalpha=0.3, gcn_dropout=0.3, embed='timeF', individual=False, num_nodes=7, subgraph_size=3, tanhalpha=3)
/home/jiaxihu/bowenzhang/HPG/tPatchGNN/run_baselines.py
2024-07-19 09:44:35
./tPatchGNN/run_baselines.py
Namespace(state='def', n=100000000, epoch=100, patience=10, history=3000, logmode='a', lr=0.001, w_decay=0.0, batch_size=32, viz=False, save='experiments/', load=None, seed=1, dataset='activity', quantization=0.0, model='MSGNet', outlayer='Linear', patch_ts=False, hop=1, nhead=1, tf_layer=1, nlayer=1, patch_size=24, stride=24, hid_dim=64, te_dim=10, node_dim=10, alpha=0.9, res=1, gpu='0', seq_len=96, top_k=5, num_kernels=64, npatch=125, device=device(type='cuda', index=0), PID=1744121, pred_window=1000, ndim=12, patch_layer=8, task_name='long_term_forecast', freq='h', seasonal_patterns='Monthly', label_len=48, pred_len=96, e_layers=2, enc_in=7, c_out=7, d_model=512, d_ff=64, n_heads=8, dropout=0.1, nums_kernels=6, conv_channel=32, skip_channel=32, gcn_depth=2, propalpha=0.3, gcn_dropout=0.3, embed='timeF', individual=False, num_nodes=7, subgraph_size=3, tanhalpha=3)
/home/jiaxihu/bowenzhang/HPG/tPatchGNN/run_baselines.py
2024-07-19 09:46:41
./tPatchGNN/run_baselines.py
Namespace(state='def', n=100000000, epoch=100, patience=10, history=3000, logmode='a', lr=0.001, w_decay=0.0, batch_size=32, viz=False, save='experiments/', load=None, seed=1, dataset='activity', quantization=0.0, model='MSGNet', outlayer='Linear', patch_ts=False, hop=1, nhead=1, tf_layer=1, nlayer=1, patch_size=24, stride=24, hid_dim=64, te_dim=10, node_dim=10, alpha=0.9, res=1, gpu='0', seq_len=96, top_k=5, num_kernels=64, npatch=125, device=device(type='cuda', index=0), PID=1745525, pred_window=1000, ndim=12, patch_layer=8, task_name='long_term_forecast', freq='h', seasonal_patterns='Monthly', label_len=48, pred_len=96, e_layers=2, enc_in=7, c_out=7, d_model=512, d_ff=64, n_heads=8, dropout=0.1, nums_kernels=6, conv_channel=32, skip_channel=32, gcn_depth=2, propalpha=0.3, gcn_dropout=0.3, embed='timeF', individual=False, num_nodes=7, subgraph_size=3, tanhalpha=3)
/home/jiaxihu/bowenzhang/HPG/tPatchGNN/run_baselines.py
2024-07-19 09:50:13
./tPatchGNN/run_baselines.py
Namespace(state='def', n=100000000, epoch=100, patience=10, history=3000, logmode='a', lr=0.001, w_decay=0.0, batch_size=32, viz=False, save='experiments/', load=None, seed=1, dataset='activity', quantization=0.0, model='MSGNet', outlayer='Linear', patch_ts=False, hop=1, nhead=1, tf_layer=1, nlayer=1, patch_size=24, stride=24, hid_dim=64, te_dim=10, node_dim=10, alpha=0.9, res=1, gpu='0', seq_len=96, top_k=5, num_kernels=64, npatch=125, device=device(type='cuda', index=0), PID=1748131, pred_window=1000, ndim=12, patch_layer=8, task_name='long_term_forecast', freq='h', seasonal_patterns='Monthly', label_len=48, pred_len=96, e_layers=2, enc_in=7, c_out=7, d_model=512, d_ff=64, n_heads=8, dropout=0.1, nums_kernels=6, conv_channel=32, skip_channel=32, gcn_depth=2, propalpha=0.3, gcn_dropout=0.3, embed='timeF', individual=False, num_nodes=7, subgraph_size=3, tanhalpha=3)
/home/jiaxihu/bowenzhang/HPG/tPatchGNN/run_baselines.py
2024-07-19 09:52:30
./tPatchGNN/run_baselines.py
Namespace(state='def', n=100000000, epoch=100, patience=10, history=3000, logmode='a', lr=0.001, w_decay=0.0, batch_size=32, viz=False, save='experiments/', load=None, seed=1, dataset='activity', quantization=0.0, model='MSGNet', outlayer='Linear', patch_ts=False, hop=1, nhead=1, tf_layer=1, nlayer=1, patch_size=24, stride=24, hid_dim=64, te_dim=10, node_dim=10, alpha=0.9, res=1, gpu='0', seq_len=96, top_k=5, num_kernels=64, npatch=125, device=device(type='cuda', index=0), PID=1749771, pred_window=1000, ndim=12, patch_layer=8, task_name='long_term_forecast', freq='h', seasonal_patterns='Monthly', label_len=48, pred_len=96, e_layers=2, enc_in=7, c_out=7, d_model=512, d_ff=64, n_heads=8, dropout=0.1, nums_kernels=6, conv_channel=32, skip_channel=32, gcn_depth=2, propalpha=0.3, gcn_dropout=0.3, embed='timeF', individual=False, num_nodes=7, subgraph_size=3, tanhalpha=3)
/home/jiaxihu/bowenzhang/HPG/tPatchGNN/run_baselines.py
2024-07-19 10:00:32
./tPatchGNN/run_baselines.py
Namespace(state='def', n=100000000, epoch=100, patience=10, history=3000, logmode='a', lr=0.001, w_decay=0.0, batch_size=32, viz=False, save='experiments/', load=None, seed=1, dataset='activity', quantization=0.0, model='MSGNet', outlayer='Linear', patch_ts=False, hop=1, nhead=1, tf_layer=1, nlayer=1, patch_size=24, stride=24, hid_dim=64, te_dim=10, node_dim=10, alpha=0.9, res=1, gpu='0', seq_len=96, top_k=5, num_kernels=64, npatch=125, device=device(type='cuda', index=0), PID=1754635, pred_window=1000, ndim=12, patch_layer=8, task_name='long_term_forecast', freq='h', seasonal_patterns='Monthly', label_len=48, pred_len=96, e_layers=2, enc_in=7, c_out=7, d_model=512, d_ff=64, n_heads=8, dropout=0.1, nums_kernels=6, conv_channel=32, skip_channel=32, gcn_depth=2, propalpha=0.3, gcn_dropout=0.3, embed='timeF', individual=False, num_nodes=7, subgraph_size=3, tanhalpha=3)
/home/jiaxihu/bowenzhang/HPG/tPatchGNN/test_baselines.py
2024-07-19 11:19:02
/home/jiaxihu/bowenzhang/HPG/tPatchGNN/test_baselines.py
Namespace(state='def', n=100000000, epoch=100, patience=10, history=3000, logmode='a', lr=0.001, w_decay=0.0, batch_size=32, viz=False, save='experiments/', load=None, seed=1, dataset='activity', quantization=0.0, model='MSGNet', outlayer='Linear', patch_ts=False, hop=1, nhead=1, tf_layer=1, nlayer=1, patch_size=24, stride=24, hid_dim=64, te_dim=10, node_dim=10, alpha=0.9, res=1, gpu='0', seq_len=96, top_k=5, num_kernels=64, npatch=125, device=device(type='cuda', index=0), PID=1807540, pred_window=1000, ndim=12, patch_layer=8, task_name='long_term_forecast', freq='h', seasonal_patterns='Monthly', label_len=48, pred_len=96, e_layers=2, enc_in=7, c_out=7, d_model=512, d_ff=64, n_heads=8, dropout=0.1, nums_kernels=6, conv_channel=32, skip_channel=32, gcn_depth=2, propalpha=0.3, gcn_dropout=0.3, embed='timeF', individual=False, num_nodes=7, subgraph_size=3, tanhalpha=3)
/home/jiaxihu/bowenzhang/HPG/tPatchGNN/run_baselines.py
2024-07-19 16:47:54
/home/jiaxihu/bowenzhang/HPG/tPatchGNN/run_baselines.py
Namespace(state='def', n=100000000, epoch=100, patience=10, history=3000, logmode='a', lr=0.001, w_decay=0.0, batch_size=32, viz=False, save='experiments/', load=None, seed=1, dataset='activity', quantization=0.0, model='MSGNet', outlayer='Linear', patch_ts=False, hop=1, nhead=1, tf_layer=1, nlayer=1, patch_size=24, stride=24, hid_dim=64, te_dim=10, node_dim=10, alpha=0.9, res=1, gpu='0', seq_len=96, top_k=5, num_kernels=64, npatch=125, device=device(type='cuda', index=0), PID=2002010, pred_window=1000, ndim=12, patch_layer=8, task_name='long_term_forecast', freq='h', seasonal_patterns='Monthly', label_len=48, pred_len=96, e_layers=2, enc_in=7, c_out=7, d_model=512, d_ff=64, n_heads=8, dropout=0.1, nums_kernels=6, conv_channel=32, skip_channel=32, gcn_depth=2, propalpha=0.3, gcn_dropout=0.3, embed='timeF', individual=False, num_nodes=7, subgraph_size=3, tanhalpha=3)
/home/jiaxihu/bowenzhang/HPG/tPatchGNN/run_baselines.py
2024-07-19 16:55:31
/home/jiaxihu/bowenzhang/HPG/tPatchGNN/run_baselines.py
Namespace(state='def', n=100000000, epoch=100, patience=10, history=3000, logmode='a', lr=0.001, w_decay=0.0, batch_size=32, viz=False, save='experiments/', load=None, seed=1, dataset='activity', quantization=0.0, model='MSGNet', outlayer='Linear', patch_ts=False, hop=1, nhead=1, tf_layer=1, nlayer=1, patch_size=24, stride=24, hid_dim=64, te_dim=10, node_dim=10, alpha=0.9, res=1, gpu='0', seq_len=96, top_k=5, num_kernels=64, npatch=125, device=device(type='cuda', index=0), PID=2006657, pred_window=1000, ndim=12, patch_layer=8, task_name='long_term_forecast', freq='h', seasonal_patterns='Monthly', label_len=48, pred_len=96, e_layers=2, enc_in=7, c_out=7, d_model=512, d_ff=64, n_heads=8, dropout=0.1, nums_kernels=6, conv_channel=32, skip_channel=32, gcn_depth=2, propalpha=0.3, gcn_dropout=0.3, embed='timeF', individual=False, num_nodes=7, subgraph_size=3, tanhalpha=3)
/home/jiaxihu/bowenzhang/HPG/tPatchGNN/run_baselines.py
2024-07-20 10:55:08
/home/jiaxihu/bowenzhang/HPG/tPatchGNN/run_baselines.py
Namespace(state='def', n=100000000, epoch=100, patience=10, history=3000, logmode='a', lr=0.001, w_decay=0.0, batch_size=32, viz=False, save='experiments/', load=None, seed=1, dataset='activity', quantization=0.0, model='MSGNet', outlayer='Linear', patch_ts=False, hop=1, nhead=1, tf_layer=1, nlayer=1, patch_size=24, stride=24, hid_dim=64, te_dim=10, node_dim=10, alpha=0.9, res=1, gpu='0', seq_len=96, top_k=5, num_kernels=64, npatch=125, device=device(type='cuda', index=0), PID=2632324, pred_window=1000, ndim=12, patch_layer=8, task_name='long_term_forecast', freq='h', seasonal_patterns='Monthly', label_len=48, pred_len=96, e_layers=2, enc_in=7, c_out=7, d_model=512, d_ff=64, n_heads=8, dropout=0.1, nums_kernels=6, conv_channel=32, skip_channel=32, gcn_depth=2, propalpha=0.3, gcn_dropout=0.3, embed='timeF', individual=False, num_nodes=7, subgraph_size=3, tanhalpha=3)
/home/jiaxihu/bowenzhang/HPG/tPatchGNN/run_baselines.py
2024-07-22 18:46:31
/home/jiaxihu/bowenzhang/HPG/tPatchGNN/run_baselines.py
Namespace(state='def', n=100000000, epoch=100, patience=10, history=3000, logmode='a', lr=0.001, w_decay=0.0, batch_size=32, viz=False, save='experiments/', load=None, seed=1, dataset='activity', quantization=0.0, model='MSGNet', outlayer='Linear', patch_ts=False, hop=1, nhead=1, tf_layer=1, nlayer=1, patch_size=24, stride=24, hid_dim=64, te_dim=10, node_dim=10, alpha=0.9, res=1, gpu='0', seq_len=98, top_k=5, num_kernels=64, npatch=125, device=device(type='cuda', index=0), PID=719460, pred_window=1000, ndim=12, patch_layer=8, patch_size_list=[49, 14, 7, 2], num_experts_list=[4, 4, 4], task_name='long_term_forecast', freq='h', seasonal_patterns='Monthly', label_len=48, pred_len=96, e_layers=2, enc_in=12, c_out=12, d_model=512, d_ff=64, n_heads=8, dropout=0.1, nums_kernels=6, conv_channel=32, skip_channel=32, gcn_depth=2, propalpha=0.3, gcn_dropout=0.3, embed='timeF', individual=False, num_nodes=7, subgraph_size=3, tanhalpha=3)
/home/jiaxihu/bowenzhang/HPG/tPatchGNN/run_baselines.py
2024-07-22 18:48:39
/home/jiaxihu/bowenzhang/HPG/tPatchGNN/run_baselines.py
Namespace(state='def', n=100000000, epoch=100, patience=10, history=3000, logmode='a', lr=0.001, w_decay=0.0, batch_size=32, viz=False, save='experiments/', load=None, seed=1, dataset='activity', quantization=0.0, model='MSGNet', outlayer='Linear', patch_ts=False, hop=1, nhead=1, tf_layer=1, nlayer=1, patch_size=24, stride=24, hid_dim=64, te_dim=10, node_dim=10, alpha=0.9, res=1, gpu='0', seq_len=98, top_k=5, num_kernels=64, npatch=125, device=device(type='cuda', index=0), PID=721257, pred_window=1000, ndim=12, patch_layer=8, patch_size_list=[49, 14, 7, 2], num_experts_list=[4, 4, 4], task_name='long_term_forecast', freq='h', seasonal_patterns='Monthly', label_len=48, pred_len=96, e_layers=2, enc_in=12, c_out=12, d_model=512, d_ff=64, n_heads=8, dropout=0.1, nums_kernels=6, conv_channel=32, skip_channel=32, gcn_depth=2, propalpha=0.3, gcn_dropout=0.3, embed='timeF', individual=False, num_nodes=7, subgraph_size=3, tanhalpha=3)
/home/jiaxihu/bowenzhang/HPG/tPatchGNN/run_baselines.py
2024-07-22 18:52:00
/home/jiaxihu/bowenzhang/HPG/tPatchGNN/run_baselines.py
Namespace(state='def', n=100000000, epoch=100, patience=10, history=3000, logmode='a', lr=0.001, w_decay=0.0, batch_size=32, viz=False, save='experiments/', load=None, seed=1, dataset='activity', quantization=0.0, model='MSGNet', outlayer='Linear', patch_ts=False, hop=1, nhead=1, tf_layer=1, nlayer=1, patch_size=24, stride=24, hid_dim=64, te_dim=10, node_dim=10, alpha=0.9, res=1, gpu='0', seq_len=98, top_k=5, num_kernels=64, npatch=125, device=device(type='cuda', index=0), PID=723685, pred_window=1000, ndim=12, patch_layer=8, patch_size_list=[49, 14, 7, 2], num_experts_list=[4, 4, 4], task_name='long_term_forecast', freq='h', seasonal_patterns='Monthly', label_len=48, pred_len=96, e_layers=2, enc_in=12, c_out=12, d_model=512, d_ff=64, n_heads=8, dropout=0.1, nums_kernels=6, conv_channel=32, skip_channel=32, gcn_depth=2, propalpha=0.3, gcn_dropout=0.3, embed='timeF', individual=False, num_nodes=7, subgraph_size=3, tanhalpha=3)
/home/jiaxihu/bowenzhang/HPG/tPatchGNN/run_baselines.py
2024-07-22 18:55:48
/home/jiaxihu/bowenzhang/HPG/tPatchGNN/run_baselines.py
Namespace(state='def', n=100000000, epoch=100, patience=10, history=3000, logmode='a', lr=0.001, w_decay=0.0, batch_size=32, viz=False, save='experiments/', load=None, seed=1, dataset='activity', quantization=0.0, model='MSGNet', outlayer='Linear', patch_ts=False, hop=1, nhead=1, tf_layer=1, nlayer=1, patch_size=24, stride=24, hid_dim=64, te_dim=10, node_dim=10, alpha=0.9, res=1, gpu='0', seq_len=98, top_k=5, num_kernels=64, npatch=125, device=device(type='cuda', index=0), PID=726108, pred_window=1000, ndim=12, patch_layer=8, patch_size_list=[49, 14, 7, 2], num_experts_list=[4, 4, 4], task_name='long_term_forecast', freq='h', seasonal_patterns='Monthly', label_len=48, pred_len=96, e_layers=2, enc_in=12, c_out=12, d_model=512, d_ff=64, n_heads=8, dropout=0.1, nums_kernels=6, conv_channel=32, skip_channel=32, gcn_depth=2, propalpha=0.3, gcn_dropout=0.3, embed='timeF', individual=False, num_nodes=7, subgraph_size=3, tanhalpha=3)
/home/jiaxihu/bowenzhang/HPG/tPatchGNN/run_baselines.py
2024-07-22 18:56:18
/home/jiaxihu/bowenzhang/HPG/tPatchGNN/run_baselines.py
Namespace(state='def', n=100000000, epoch=100, patience=10, history=3000, logmode='a', lr=0.001, w_decay=0.0, batch_size=32, viz=False, save='experiments/', load=None, seed=1, dataset='activity', quantization=0.0, model='MSGNet', outlayer='Linear', patch_ts=False, hop=1, nhead=1, tf_layer=1, nlayer=1, patch_size=24, stride=24, hid_dim=64, te_dim=10, node_dim=10, alpha=0.9, res=1, gpu='0', seq_len=98, top_k=5, num_kernels=64, npatch=125, device=device(type='cuda', index=0), PID=726778, pred_window=1000, ndim=12, patch_layer=8, patch_size_list=[49, 14, 7, 2], num_experts_list=[4, 4, 4], task_name='long_term_forecast', freq='h', seasonal_patterns='Monthly', label_len=48, pred_len=96, e_layers=2, enc_in=12, c_out=12, d_model=512, d_ff=64, n_heads=8, dropout=0.1, nums_kernels=6, conv_channel=32, skip_channel=32, gcn_depth=2, propalpha=0.3, gcn_dropout=0.3, embed='timeF', individual=False, num_nodes=7, subgraph_size=3, tanhalpha=3)
