/home/jiaxihu/bowenzhang/HPG/tPatchGNN/run_baselines.py
2024-07-22 13:55:52
run_baselines.py --history 24 --model Pathformer --dataset ushcn
Namespace(state='def', n=100000000, epoch=100, patience=10, history=24, logmode='a', lr=0.001, w_decay=0.0, batch_size=32, viz=False, save='experiments/', load=None, seed=1, dataset='ushcn', quantization=0.0, model='Pathformer', outlayer='Linear', patch_ts=False, hop=1, nhead=1, tf_layer=1, nlayer=1, patch_size=24, stride=24, hid_dim=64, te_dim=10, node_dim=10, alpha=0.9, res=1, gpu='0', seq_len=205, top_k=5, num_kernels=64, npatch=1, device=device(type='cuda', index=0), PID=201877, n_months=48, pred_window=1, ndim=5, patch_layer=1, patch_size_list=[41, 5], task_name='long_term_forecast', layer_nums=3, pred_len=98, num_nodes=5, pre_len=98, k=2, d_model=16, d_ff=64, residual_connection=1, revin=1, num_experts_list=[4, 4, 4])
/home/jiaxihu/bowenzhang/HPG/tPatchGNN/run_baselines.py
2024-07-22 14:36:27
run_baselines.py --history 24 --model Pathformer --dataset ushcn
Namespace(state='def', n=100000000, epoch=100, patience=10, history=24, logmode='a', lr=0.001, w_decay=0.0, batch_size=32, viz=False, save='experiments/', load=None, seed=1, dataset='ushcn', quantization=0.0, model='Pathformer', outlayer='Linear', patch_ts=False, hop=1, nhead=1, tf_layer=1, nlayer=1, patch_size=24, stride=24, hid_dim=64, te_dim=10, node_dim=10, alpha=0.9, res=1, gpu='0', seq_len=205, top_k=5, num_kernels=64, npatch=1, device=device(type='cuda', index=0), PID=230765, n_months=48, pred_window=1, ndim=5, patch_layer=1, patch_size_list=[41, 5], task_name='long_term_forecast', layer_nums=3, pred_len=98, num_nodes=5, pre_len=98, k=2, d_model=16, d_ff=64, residual_connection=1, revin=1, num_experts_list=[4, 4, 4])
/home/jiaxihu/bowenzhang/HPG/tPatchGNN/run_baselines.py
2024-07-22 16:54:05
run_baselines.py --dataset ushcn --history 24
Namespace(state='def', n=100000000, epoch=100, patience=10, history=24, logmode='a', lr=0.001, w_decay=0.0, batch_size=32, viz=False, save='experiments/', load=None, seed=1, dataset='ushcn', quantization=0.0, model='Pathformer', outlayer='Linear', patch_ts=False, hop=1, nhead=1, tf_layer=1, nlayer=1, patch_size=24, stride=24, hid_dim=64, te_dim=10, node_dim=10, alpha=0.9, res=1, gpu='0', seq_len=205, top_k=5, num_kernels=64, npatch=1, device=device(type='cuda', index=0), PID=330020, n_months=48, pred_window=1, ndim=5, patch_layer=1, patch_size_list=[41, 5], num_experts_list=[2, 2, 2], task_name='long_term_forecast', layer_nums=3, pred_len=98, num_nodes=5, pre_len=98, k=2, d_model=16, d_ff=64, residual_connection=1, revin=1)
/home/jiaxihu/bowenzhang/HPG/tPatchGNN/run_baselines.py
2024-07-22 17:00:45
run_baselines.py
Namespace(state='def', n=100000000, epoch=100, patience=10, history=24, logmode='a', lr=0.001, w_decay=0.0, batch_size=32, viz=False, save='experiments/', load=None, seed=1, dataset='ushcn', quantization=0.0, model='Pathformer', outlayer='Linear', patch_ts=False, hop=1, nhead=1, tf_layer=1, nlayer=1, patch_size=24, stride=24, hid_dim=64, te_dim=10, node_dim=10, alpha=0.9, res=1, gpu='0', seq_len=205, top_k=5, num_kernels=64, npatch=1, device=device(type='cuda', index=0), PID=392805, n_months=48, pred_window=1, ndim=5, patch_layer=1, patch_size_list=[41, 5], num_experts_list=[2, 2, 2], task_name='long_term_forecast', layer_nums=3, pred_len=98, num_nodes=5, pre_len=98, k=2, d_model=16, d_ff=64, residual_connection=1, revin=1)
/home/jiaxihu/bowenzhang/HPG/tPatchGNN/run_baselines.py
2024-07-22 17:02:01
run_baselines.py
Namespace(state='def', n=100000000, epoch=100, patience=10, history=24, logmode='a', lr=0.001, w_decay=0.0, batch_size=32, viz=False, save='experiments/', load=None, seed=1, dataset='ushcn', quantization=0.0, model='Pathformer', outlayer='Linear', patch_ts=False, hop=1, nhead=1, tf_layer=1, nlayer=1, patch_size=24, stride=24, hid_dim=64, te_dim=10, node_dim=10, alpha=0.9, res=1, gpu='0', seq_len=205, top_k=5, num_kernels=64, npatch=1, device=device(type='cuda', index=0), PID=404106, n_months=48, pred_window=1, ndim=5, patch_layer=1, patch_size_list=[41, 5], num_experts_list=[2, 2, 2], task_name='long_term_forecast', layer_nums=3, pred_len=98, num_nodes=5, pre_len=98, k=2, d_model=16, d_ff=64, residual_connection=1, revin=1)
/home/jiaxihu/bowenzhang/HPG/tPatchGNN/run_baselines.py
2024-07-22 17:03:31
/home/jiaxihu/bowenzhang/HPG/tPatchGNN/run_baselines.py
Namespace(state='def', n=100000000, epoch=100, patience=10, history=24, logmode='a', lr=0.001, w_decay=0.0, batch_size=32, viz=False, save='experiments/', load=None, seed=1, dataset='ushcn', quantization=0.0, model='Pathformer', outlayer='Linear', patch_ts=False, hop=1, nhead=1, tf_layer=1, nlayer=1, patch_size=24, stride=24, hid_dim=64, te_dim=10, node_dim=10, alpha=0.9, res=1, gpu='0', seq_len=205, top_k=5, num_kernels=64, npatch=1, device=device(type='cuda', index=0), PID=419491, n_months=48, pred_window=1, ndim=5, patch_layer=1, patch_size_list=[41, 5], num_experts_list=[2, 2, 2], task_name='long_term_forecast', layer_nums=3, pred_len=98, num_nodes=5, pre_len=98, k=2, d_model=16, d_ff=64, residual_connection=1, revin=1)
/home/jiaxihu/bowenzhang/HPG/tPatchGNN/run_baselines.py
2024-07-22 17:07:22
run_baselines.py --dataset ushcn
Namespace(state='def', n=100000000, epoch=100, patience=10, history=24, logmode='a', lr=0.001, w_decay=0.0, batch_size=32, viz=False, save='experiments/', load=None, seed=1, dataset='ushcn', quantization=0.0, model='Pathformer', outlayer='Linear', patch_ts=False, hop=1, nhead=1, tf_layer=1, nlayer=1, patch_size=24, stride=24, hid_dim=64, te_dim=10, node_dim=10, alpha=0.9, res=1, gpu='0', seq_len=205, top_k=5, num_kernels=64, npatch=1, device=device(type='cuda', index=0), PID=456149, n_months=48, pred_window=1, ndim=5, patch_layer=1, patch_size_list=[41, 5], num_experts_list=[2, 2, 2], task_name='long_term_forecast', layer_nums=3, pred_len=98, num_nodes=5, pre_len=98, k=2, d_model=16, d_ff=64, residual_connection=1, revin=1)
